<?xml version="1.0" encoding="UTF-8" standalone="no"?>
<!DOCTYPE log SYSTEM "logger.dtd">
<log>
<record>
  <date>2017-07-26T16:13:08.190-0300</date>
  <logger>DAVID EDUARDO PEREIRA</logger>
  <level>FINE</level>
  <message>File 116110322-DAVID EDUARDO PEREIRA.zip was received. It was sent by DAVID EDUARDO PEREIRA from IP 150.165.80.222</message>
</record>
</log>
<?xml version="1.0" encoding="UTF-8" standalone="no"?>
<!DOCTYPE log SYSTEM "logger.dtd">
<log>
<record>
  <date>2017-07-27T01:56:31.622-0300</date>
  <logger>DAVID EDUARDO PEREIRA</logger>
  <level>FINE</level>
  <message>File 116110322-DAVID EDUARDO PEREIRA.zip was received. It was sent by DAVID EDUARDO PEREIRA from IP 192.168.1.16</message>
</record>
</log>
<?xml version="1.0" encoding="UTF-8" standalone="no"?>
<!DOCTYPE log SYSTEM "logger.dtd">
<log>
<record>
  <date>2017-07-27T21:15:38.132-0300</date>
  <logger>DAVID EDUARDO PEREIRA</logger>
  <level>FINE</level>
  <message>File 116110322-DAVID EDUARDO PEREIRA.zip was received. It was sent by DAVID EDUARDO PEREIRA from IP 192.168.1.7</message>
</record>
